<?xml version="1.0" encoding="UTF-8"?>
<!-- Generated by org.testng.reporters.JUnitReportReporter -->
<testsuite hostname="01HW510223" name="testpack1.Testclass" tests="1" failures="1" timestamp="23 Dec 2016 06:16:33 GMT" time="66.460" errors="0">
  <testcase name="wordpressrun" time="66.460" classname="testpack1.Testclass">
    <failure type="org.openqa.selenium.WebDriverException" message="Failed to connect to binary FirefoxBinary(C:\Program Files\Mozilla Firefox\firefox.exe) on port 7055; process output follows: 
\extensions\\{972ce4c6-7e08-4474-a285-3208198ce6fd}.xpi&quot;,&quot;installDate&quot;:1461279552000,&quot;updateDate&quot;:1461279552000,&quot;applyBackgroundUpdates&quot;:1,&quot;skinnable&quot;:true,&quot;size&quot;:22006,&quot;sourceURI&quot;:null,&quot;releaseNotesURI&quot;:null,&quot;softDisabled&quot;:false,&quot;foreignInstall&quot;:false,&quot;hasBinaryComponents&quot;:false,&quot;strictCompatibility&quot;:true,&quot;locales&quot;:[],&quot;targetApplications&quot;:[{&quot;id&quot;:&quot;{ec8030f7-c20a-464f-9b0e-13a3a9e97384}&quot;,&quot;minVersion&quot;:&quot;46.0&quot;,&quot;maxVersion&quot;:&quot;46.0&quot;}],&quot;targetPlatforms&quot;:[],&quot;seen&quot;:true}
1482473775419	addons.xpi	DEBUG	getModTime: Recursive scan of {972ce4c6-7e08-4474-a285-3208198ce6fd}
1482473775419	addons.xpi	DEBUG	Updating XPIState for {&quot;id&quot;:&quot;{1E2593B2-E106-4697-BCE7-A9D30DE05D73}&quot;,&quot;syncGUID&quot;:&quot;X6TelNYL1T4H&quot;,&quot;location&quot;:&quot;winreg-app-global&quot;,&quot;version&quot;:&quot;10.0.40&quot;,&quot;type&quot;:&quot;extension&quot;,&quot;internalName&quot;:null,&quot;updateURL&quot;:&quot;https://www.httpwatch.com/update_ff/?app_id=%APP_ID%&amp;cur_ver=%APP_VERSION%&amp;rev_ver=%ITEM_MAXAPPVERSION%&amp;old_ver=%ITEM_VERSION%&quot;,&quot;updateKey&quot;:null,&quot;optionsURL&quot;:null,&quot;optionsType&quot;:null,&quot;aboutURL&quot;:null,&quot;icons&quot;:{},&quot;iconURL&quot;:&quot;chrome://httpwatch/content/install.png&quot;,&quot;icon64URL&quot;:null,&quot;defaultLocale&quot;:{&quot;name&quot;:&quot;HttpWatch Basic Edition&quot;,&quot;description&quot;:&quot;HttpWatch is an HTTP sniffer and debugger for Firefox. (For updates go to http://www.httpwatch.com/download/)&quot;,&quot;creator&quot;:&quot;Simtec Limited&quot;,&quot;homepageURL&quot;:&quot;http://www.httpwatch.com&quot;},&quot;visible&quot;:true,&quot;active&quot;:false,&quot;userDisabled&quot;:true,&quot;appDisabled&quot;:true,&quot;descriptor&quot;:&quot;C:\\Program Files\\HttpWatch\\Firefox&quot;,&quot;installDate&quot;:1479373555871,&quot;updateDate&quot;:1479373555871,&quot;applyBackgroundUpdates&quot;:1,&quot;bootstrap&quot;:false,&quot;skinnable&quot;:false,&quot;size&quot;:105909229,&quot;sourceURI&quot;:null,&quot;releaseNotesURI&quot;:null,&quot;softDisabled&quot;:false,&quot;foreignInstall&quot;:true,&quot;hasBinaryComponents&quot;:true,&quot;strictCompatibility&quot;:false,&quot;locales&quot;:[],&quot;targetApplications&quot;:[{&quot;id&quot;:&quot;{ec8030f7-c20a-464f-9b0e-13a3a9e97384}&quot;,&quot;minVersion&quot;:&quot;32.0&quot;,&quot;maxVersion&quot;:&quot;40.*&quot;}],&quot;targetPlatforms&quot;:[{&quot;os&quot;:&quot;WINNT&quot;,&quot;abi&quot;:&quot;x86-msvc&quot;}],&quot;multiprocessCompatible&quot;:false,&quot;signedState&quot;:0,&quot;seen&quot;:true}
1482473775420	DeferredSave.extensions.json	DEBUG	Save changes
1482473775420	addons.xpi	DEBUG	Updating database with changes to installed add-ons
1482473775420	addons.xpi-utils	DEBUG	Updating add-on states
1482473775422	addons.xpi-utils	DEBUG	Writing add-ons list
1482473775428	addons.xpi	DEBUG	Registering manifest for C:\Program Files\Mozilla Firefox\browser\features\e10srollout@mozilla.org.xpi
1482473775428	addons.xpi	DEBUG	Calling bootstrap method startup on e10srollout@mozilla.org version 1.0
1482473775429	addons.xpi	DEBUG	Registering manifest for C:\Program Files\Mozilla Firefox\browser\features\firefox@getpocket.com.xpi
1482473775429	addons.xpi	DEBUG	Calling bootstrap method startup on firefox@getpocket.com version 1.0
1482473775430	addons.xpi	DEBUG	Registering manifest for C:\Program Files\Mozilla Firefox\browser\features\loop@mozilla.org.xpi
1482473775431	addons.xpi	DEBUG	Calling bootstrap method startup on loop@mozilla.org version 1.2.6
1482473775628	addons.manager	DEBUG	Registering shutdown blocker for XPIProvider
1482473775629	addons.manager	DEBUG	Provider finished startup: XPIProvider
1482473775629	addons.manager	DEBUG	Starting provider: LightweightThemeManager
1482473775629	addons.manager	DEBUG	Registering shutdown blocker for LightweightThemeManager
1482473775629	addons.manager	DEBUG	Provider finished startup: LightweightThemeManager
1482473775630	addons.manager	DEBUG	Starting provider: GMPProvider
1482473775650	addons.manager	DEBUG	Registering shutdown blocker for GMPProvider
1482473775650	addons.manager	DEBUG	Provider finished startup: GMPProvider
1482473775650	addons.manager	DEBUG	Starting provider: PluginProvider
1482473775650	addons.manager	DEBUG	Registering shutdown blocker for PluginProvider
1482473775651	addons.manager	DEBUG	Provider finished startup: PluginProvider
1482473775651	addons.manager	DEBUG	Completed startup sequence
1482473786667	addons.manager	DEBUG	Starting provider: &lt;unnamed-provider&gt;
1482473786667	addons.manager	DEBUG	Registering shutdown blocker for &lt;unnamed-provider&gt;
1482473786667	addons.manager	DEBUG	Provider finished startup: &lt;unnamed-provider&gt;

Build info: version: &#039;2.53.1&#039;, revision: &#039;a36b8b1cd5757287168e54b817830adce9b0158d&#039;, time: &#039;2016-06-30 19:26:09&#039;
System info: host: &#039;01HW510223&#039;, ip: &#039;157.227.151.35&#039;, os.name: &#039;Windows 7&#039;, os.arch: &#039;x86&#039;, os.version: &#039;6.1&#039;, java.version: &#039;1.7.0_51&#039;
Driver info: driver.version: FirefoxDriver">
      <![CDATA[org.openqa.selenium.WebDriverException: Failed to connect to binary FirefoxBinary(C:\Program Files\Mozilla Firefox\firefox.exe) on port 7055; process output follows: 
\extensions\\{972ce4c6-7e08-4474-a285-3208198ce6fd}.xpi","installDate":1461279552000,"updateDate":1461279552000,"applyBackgroundUpdates":1,"skinnable":true,"size":22006,"sourceURI":null,"releaseNotesURI":null,"softDisabled":false,"foreignInstall":false,"hasBinaryComponents":false,"strictCompatibility":true,"locales":[],"targetApplications":[{"id":"{ec8030f7-c20a-464f-9b0e-13a3a9e97384}","minVersion":"46.0","maxVersion":"46.0"}],"targetPlatforms":[],"seen":true}
1482473775419	addons.xpi	DEBUG	getModTime: Recursive scan of {972ce4c6-7e08-4474-a285-3208198ce6fd}
1482473775419	addons.xpi	DEBUG	Updating XPIState for {"id":"{1E2593B2-E106-4697-BCE7-A9D30DE05D73}","syncGUID":"X6TelNYL1T4H","location":"winreg-app-global","version":"10.0.40","type":"extension","internalName":null,"updateURL":"https://www.httpwatch.com/update_ff/?app_id=%APP_ID%&cur_ver=%APP_VERSION%&rev_ver=%ITEM_MAXAPPVERSION%&old_ver=%ITEM_VERSION%","updateKey":null,"optionsURL":null,"optionsType":null,"aboutURL":null,"icons":{},"iconURL":"chrome://httpwatch/content/install.png","icon64URL":null,"defaultLocale":{"name":"HttpWatch Basic Edition","description":"HttpWatch is an HTTP sniffer and debugger for Firefox. (For updates go to http://www.httpwatch.com/download/)","creator":"Simtec Limited","homepageURL":"http://www.httpwatch.com"},"visible":true,"active":false,"userDisabled":true,"appDisabled":true,"descriptor":"C:\\Program Files\\HttpWatch\\Firefox","installDate":1479373555871,"updateDate":1479373555871,"applyBackgroundUpdates":1,"bootstrap":false,"skinnable":false,"size":105909229,"sourceURI":null,"releaseNotesURI":null,"softDisabled":false,"foreignInstall":true,"hasBinaryComponents":true,"strictCompatibility":false,"locales":[],"targetApplications":[{"id":"{ec8030f7-c20a-464f-9b0e-13a3a9e97384}","minVersion":"32.0","maxVersion":"40.*"}],"targetPlatforms":[{"os":"WINNT","abi":"x86-msvc"}],"multiprocessCompatible":false,"signedState":0,"seen":true}
1482473775420	DeferredSave.extensions.json	DEBUG	Save changes
1482473775420	addons.xpi	DEBUG	Updating database with changes to installed add-ons
1482473775420	addons.xpi-utils	DEBUG	Updating add-on states
1482473775422	addons.xpi-utils	DEBUG	Writing add-ons list
1482473775428	addons.xpi	DEBUG	Registering manifest for C:\Program Files\Mozilla Firefox\browser\features\e10srollout@mozilla.org.xpi
1482473775428	addons.xpi	DEBUG	Calling bootstrap method startup on e10srollout@mozilla.org version 1.0
1482473775429	addons.xpi	DEBUG	Registering manifest for C:\Program Files\Mozilla Firefox\browser\features\firefox@getpocket.com.xpi
1482473775429	addons.xpi	DEBUG	Calling bootstrap method startup on firefox@getpocket.com version 1.0
1482473775430	addons.xpi	DEBUG	Registering manifest for C:\Program Files\Mozilla Firefox\browser\features\loop@mozilla.org.xpi
1482473775431	addons.xpi	DEBUG	Calling bootstrap method startup on loop@mozilla.org version 1.2.6
1482473775628	addons.manager	DEBUG	Registering shutdown blocker for XPIProvider
1482473775629	addons.manager	DEBUG	Provider finished startup: XPIProvider
1482473775629	addons.manager	DEBUG	Starting provider: LightweightThemeManager
1482473775629	addons.manager	DEBUG	Registering shutdown blocker for LightweightThemeManager
1482473775629	addons.manager	DEBUG	Provider finished startup: LightweightThemeManager
1482473775630	addons.manager	DEBUG	Starting provider: GMPProvider
1482473775650	addons.manager	DEBUG	Registering shutdown blocker for GMPProvider
1482473775650	addons.manager	DEBUG	Provider finished startup: GMPProvider
1482473775650	addons.manager	DEBUG	Starting provider: PluginProvider
1482473775650	addons.manager	DEBUG	Registering shutdown blocker for PluginProvider
1482473775651	addons.manager	DEBUG	Provider finished startup: PluginProvider
1482473775651	addons.manager	DEBUG	Completed startup sequence
1482473786667	addons.manager	DEBUG	Starting provider: <unnamed-provider>
1482473786667	addons.manager	DEBUG	Registering shutdown blocker for <unnamed-provider>
1482473786667	addons.manager	DEBUG	Provider finished startup: <unnamed-provider>

Build info: version: '2.53.1', revision: 'a36b8b1cd5757287168e54b817830adce9b0158d', time: '2016-06-30 19:26:09'
System info: host: '01HW510223', ip: '157.227.151.35', os.name: 'Windows 7', os.arch: 'x86', os.version: '6.1', java.version: '1.7.0_51'
Driver info: driver.version: FirefoxDriver
	at org.openqa.selenium.firefox.internal.NewProfileExtensionConnection.start(NewProfileExtensionConnection.java:125)
	at org.openqa.selenium.firefox.FirefoxDriver.startClient(FirefoxDriver.java:271)
	at org.openqa.selenium.remote.RemoteWebDriver.<init>(RemoteWebDriver.java:119)
	at org.openqa.selenium.firefox.FirefoxDriver.<init>(FirefoxDriver.java:216)
	at org.openqa.selenium.firefox.FirefoxDriver.<init>(FirefoxDriver.java:211)
	at org.openqa.selenium.firefox.FirefoxDriver.<init>(FirefoxDriver.java:207)
	at org.openqa.selenium.firefox.FirefoxDriver.<init>(FirefoxDriver.java:120)
	at testpack1.Testclass.wordpressrun(Testclass.java:16)
	at sun.reflect.NativeMethodAccessorImpl.invoke0(Native Method)
	at sun.reflect.NativeMethodAccessorImpl.invoke(Unknown Source)
	at sun.reflect.DelegatingMethodAccessorImpl.invoke(Unknown Source)
	at java.lang.reflect.Method.invoke(Unknown Source)
	at org.testng.internal.MethodInvocationHelper.invokeMethod(MethodInvocationHelper.java:80)
	at org.testng.internal.Invoker.invokeMethod(Invoker.java:714)
	at org.testng.internal.Invoker.invokeTestMethod(Invoker.java:901)
	at org.testng.internal.Invoker.invokeTestMethods(Invoker.java:1231)
	at org.testng.internal.TestMethodWorker.invokeTestMethods(TestMethodWorker.java:127)
	at org.testng.internal.TestMethodWorker.run(TestMethodWorker.java:111)
	at org.testng.TestRunner.privateRun(TestRunner.java:767)
	at org.testng.TestRunner.run(TestRunner.java:617)
	at org.testng.SuiteRunner.runTest(SuiteRunner.java:334)
	at org.testng.SuiteRunner.runSequentially(SuiteRunner.java:329)
	at org.testng.SuiteRunner.privateRun(SuiteRunner.java:291)
	at org.testng.SuiteRunner.run(SuiteRunner.java:240)
	at org.testng.SuiteRunnerWorker.runSuite(SuiteRunnerWorker.java:52)
	at org.testng.SuiteRunnerWorker.run(SuiteRunnerWorker.java:86)
	at org.testng.TestNG.runSuitesSequentially(TestNG.java:1198)
	at org.testng.TestNG.runSuitesLocally(TestNG.java:1123)
	at org.testng.TestNG.run(TestNG.java:1031)
	at org.testng.remote.AbstractRemoteTestNG.run(AbstractRemoteTestNG.java:126)
	at org.testng.remote.RemoteTestNG.initAndRun(RemoteTestNG.java:137)
	at org.testng.remote.RemoteTestNG.main(RemoteTestNG.java:58)
Caused by: org.openqa.selenium.firefox.NotConnectedException: Unable to connect to host 127.0.0.1 on port 7055 after 45000 ms. Firefox console output:
\extensions\\{972ce4c6-7e08-4474-a285-3208198ce6fd}.xpi","installDate":1461279552000,"updateDate":1461279552000,"applyBackgroundUpdates":1,"skinnable":true,"size":22006,"sourceURI":null,"releaseNotesURI":null,"softDisabled":false,"foreignInstall":false,"hasBinaryComponents":false,"strictCompatibility":true,"locales":[],"targetApplications":[{"id":"{ec8030f7-c20a-464f-9b0e-13a3a9e97384}","minVersion":"46.0","maxVersion":"46.0"}],"targetPlatforms":[],"seen":true}
1482473775419	addons.xpi	DEBUG	getModTime: Recursive scan of {972ce4c6-7e08-4474-a285-3208198ce6fd}
1482473775419	addons.xpi	DEBUG	Updating XPIState for {"id":"{1E2593B2-E106-4697-BCE7-A9D30DE05D73}","syncGUID":"X6TelNYL1T4H","location":"winreg-app-global","version":"10.0.40","type":"extension","internalName":null,"updateURL":"https://www.httpwatch.com/update_ff/?app_id=%APP_ID%&cur_ver=%APP_VERSION%&rev_ver=%ITEM_MAXAPPVERSION%&old_ver=%ITEM_VERSION%","updateKey":null,"optionsURL":null,"optionsType":null,"aboutURL":null,"icons":{},"iconURL":"chrome://httpwatch/content/install.png","icon64URL":null,"defaultLocale":{"name":"HttpWatch Basic Edition","description":"HttpWatch is an HTTP sniffer and debugger for Firefox. (For updates go to http://www.httpwatch.com/download/)","creator":"Simtec Limited","homepageURL":"http://www.httpwatch.com"},"visible":true,"active":false,"userDisabled":true,"appDisabled":true,"descriptor":"C:\\Program Files\\HttpWatch\\Firefox","installDate":1479373555871,"updateDate":1479373555871,"applyBackgroundUpdates":1,"bootstrap":false,"skinnable":false,"size":105909229,"sourceURI":null,"releaseNotesURI":null,"softDisabled":false,"foreignInstall":true,"hasBinaryComponents":true,"strictCompatibility":false,"locales":[],"targetApplications":[{"id":"{ec8030f7-c20a-464f-9b0e-13a3a9e97384}","minVersion":"32.0","maxVersion":"40.*"}],"targetPlatforms":[{"os":"WINNT","abi":"x86-msvc"}],"multiprocessCompatible":false,"signedState":0,"seen":true}
1482473775420	DeferredSave.extensions.json	DEBUG	Save changes
1482473775420	addons.xpi	DEBUG	Updating database with changes to installed add-ons
1482473775420	addons.xpi-utils	DEBUG	Updating add-on states
1482473775422	addons.xpi-utils	DEBUG	Writing add-ons list
1482473775428	addons.xpi	DEBUG	Registering manifest for C:\Program Files\Mozilla Firefox\browser\features\e10srollout@mozilla.org.xpi
1482473775428	addons.xpi	DEBUG	Calling bootstrap method startup on e10srollout@mozilla.org version 1.0
1482473775429	addons.xpi	DEBUG	Registering manifest for C:\Program Files\Mozilla Firefox\browser\features\firefox@getpocket.com.xpi
1482473775429	addons.xpi	DEBUG	Calling bootstrap method startup on firefox@getpocket.com version 1.0
1482473775430	addons.xpi	DEBUG	Registering manifest for C:\Program Files\Mozilla Firefox\browser\features\loop@mozilla.org.xpi
1482473775431	addons.xpi	DEBUG	Calling bootstrap method startup on loop@mozilla.org version 1.2.6
1482473775628	addons.manager	DEBUG	Registering shutdown blocker for XPIProvider
1482473775629	addons.manager	DEBUG	Provider finished startup: XPIProvider
1482473775629	addons.manager	DEBUG	Starting provider: LightweightThemeManager
1482473775629	addons.manager	DEBUG	Registering shutdown blocker for LightweightThemeManager
1482473775629	addons.manager	DEBUG	Provider finished startup: LightweightThemeManager
1482473775630	addons.manager	DEBUG	Starting provider: GMPProvider
1482473775650	addons.manager	DEBUG	Registering shutdown blocker for GMPProvider
1482473775650	addons.manager	DEBUG	Provider finished startup: GMPProvider
1482473775650	addons.manager	DEBUG	Starting provider: PluginProvider
1482473775650	addons.manager	DEBUG	Registering shutdown blocker for PluginProvider
1482473775651	addons.manager	DEBUG	Provider finished startup: PluginProvider
1482473775651	addons.manager	DEBUG	Completed startup sequence
1482473786667	addons.manager	DEBUG	Starting provider: <unnamed-provider>
1482473786667	addons.manager	DEBUG	Registering shutdown blocker for <unnamed-provider>
1482473786667	addons.manager	DEBUG	Provider finished startup: <unnamed-provider>

	at org.openqa.selenium.firefox.internal.NewProfileExtensionConnection.start(NewProfileExtensionConnection.java:113)
	... 31 more
]]>
    </failure>
  </testcase> <!-- wordpressrun -->
</testsuite> <!-- testpack1.Testclass -->
